TN:
SF:C:\Users\Tamunoibi\Documents\code\Andela assignment\cycle 36\bootcamp\StoreManager\server\app.js
FN:13,(anonymous_0)
FN:20,(anonymous_1)
FNF:2
FNH:2
FNDA:1,(anonymous_0)
FNDA:8,(anonymous_1)
DA:6,1
DA:7,1
DA:9,1
DA:10,1
DA:12,1
DA:13,1
DA:14,1
DA:20,1
DA:21,8
DA:27,1
LF:10
LH:10
BRF:0
BRH:0
end_of_record
TN:
SF:C:\Users\Tamunoibi\Documents\code\Andela assignment\cycle 36\bootcamp\StoreManager\server\index.js
FNF:0
FNH:0
DA:4,1
DA:6,1
DA:8,1
LF:3
LH:3
BRDA:4,0,0,1
BRDA:4,0,1,1
BRF:2
BRH:2
end_of_record
TN:
SF:C:\Users\Tamunoibi\Documents\code\Andela assignment\cycle 36\bootcamp\StoreManager\server\routes.js
FNF:0
FNH:0
DA:4,1
DA:6,1
DA:7,1
LF:3
LH:3
BRF:0
BRH:0
end_of_record
TN:
SF:C:\Users\Tamunoibi\Documents\code\Andela assignment\cycle 36\bootcamp\StoreManager\server\controller\products.js
FN:3,(anonymous_0)
FN:4,(anonymous_1)
FN:8,(anonymous_2)
FN:15,(anonymous_3)
FN:30,(anonymous_4)
FNF:5
FNH:4
FNDA:2,(anonymous_0)
FNDA:62,(anonymous_1)
FNDA:1,(anonymous_2)
FNDA:2,(anonymous_3)
FNDA:0,(anonymous_4)
DA:3,1
DA:4,62
DA:5,2
DA:8,1
DA:9,1
DA:15,1
DA:16,2
DA:17,2
DA:18,2
DA:19,0
DA:24,2
DA:30,1
DA:31,0
DA:32,0
DA:33,0
DA:38,0
DA:44,0
DA:45,0
LF:18
LH:11
BRDA:18,0,0,0
BRDA:18,0,1,2
BRDA:32,1,0,0
BRDA:32,1,1,0
BRDA:32,2,0,0
BRDA:32,2,1,0
BRDA:32,2,2,0
BRF:7
BRH:1
end_of_record
TN:
SF:C:\Users\Tamunoibi\Documents\code\Andela assignment\cycle 36\bootcamp\StoreManager\server\models\products.js
FNF:0
FNH:0
DA:1,1
LF:1
LH:1
BRF:0
BRH:0
end_of_record
TN:
SF:C:\Users\Tamunoibi\Documents\code\Andela assignment\cycle 36\bootcamp\StoreManager\server\test\sales.tests.js
FN:8,(anonymous_0)
FN:9,(anonymous_1)
FN:12,(anonymous_2)
FN:21,(anonymous_3)
FN:22,(anonymous_4)
FN:25,(anonymous_5)
FN:33,(anonymous_6)
FN:36,(anonymous_7)
FN:43,(anonymous_8)
FN:44,(anonymous_9)
FN:54,(anonymous_10)
FN:62,(anonymous_11)
FN:68,(anonymous_12)
FNF:13
FNH:13
FNDA:1,(anonymous_0)
FNDA:1,(anonymous_1)
FNDA:1,(anonymous_2)
FNDA:1,(anonymous_3)
FNDA:1,(anonymous_4)
FNDA:1,(anonymous_5)
FNDA:1,(anonymous_6)
FNDA:1,(anonymous_7)
FNDA:1,(anonymous_8)
FNDA:1,(anonymous_9)
FNDA:1,(anonymous_10)
FNDA:1,(anonymous_11)
FNDA:1,(anonymous_12)
DA:5,1
DA:6,1
DA:8,1
DA:9,1
DA:10,1
DA:13,1
DA:14,0
DA:15,0
DA:16,0
DA:21,1
DA:22,1
DA:23,1
DA:26,1
DA:27,0
DA:28,0
DA:29,0
DA:33,1
DA:34,1
DA:37,1
DA:38,1
DA:43,1
DA:44,1
DA:45,1
DA:55,1
DA:56,0
DA:57,0
DA:58,0
DA:62,1
DA:63,1
DA:69,1
DA:70,0
LF:31
LH:21
BRF:0
BRH:0
end_of_record
