TN:
SF:C:\Users\Tamunoibi\Documents\code\Andela assignment\cycle 36\bootcamp\StoreManager\server\app.js
FN:13,(anonymous_0)
FN:20,(anonymous_1)
FNF:2
FNH:2
FNDA:1,(anonymous_0)
FNDA:1,(anonymous_1)
DA:6,1
DA:7,1
DA:9,1
DA:10,1
DA:12,1
DA:13,1
DA:14,1
DA:20,1
DA:21,1
DA:27,1
LF:10
LH:10
BRF:0
BRH:0
end_of_record
TN:
SF:C:\Users\Tamunoibi\Documents\code\Andela assignment\cycle 36\bootcamp\StoreManager\server\index.js
FNF:0
FNH:0
DA:4,1
DA:6,1
DA:8,1
LF:3
LH:3
BRDA:4,0,0,1
BRDA:4,0,1,1
BRF:2
BRH:2
end_of_record
TN:
SF:C:\Users\Tamunoibi\Documents\code\Andela assignment\cycle 36\bootcamp\StoreManager\server\routes.js
FNF:0
FNH:0
DA:4,1
DA:6,1
DA:7,1
LF:3
LH:3
BRF:0
BRH:0
end_of_record
TN:
SF:C:\Users\Tamunoibi\Documents\code\Andela assignment\cycle 36\bootcamp\StoreManager\server\controller\products.js
FN:3,(anonymous_0)
FN:4,(anonymous_1)
FN:8,(anonymous_2)
FN:16,(anonymous_3)
FNF:4
FNH:0
FNDA:0,(anonymous_0)
FNDA:0,(anonymous_1)
FNDA:0,(anonymous_2)
FNDA:0,(anonymous_3)
DA:3,1
DA:4,0
DA:5,0
DA:8,1
DA:9,0
DA:16,1
DA:17,0
DA:18,0
DA:19,0
DA:20,0
DA:25,0
LF:11
LH:3
BRDA:19,0,0,0
BRDA:19,0,1,0
BRF:2
BRH:0
end_of_record
TN:
SF:C:\Users\Tamunoibi\Documents\code\Andela assignment\cycle 36\bootcamp\StoreManager\server\models\products.js
FNF:0
FNH:0
DA:1,1
LF:1
LH:1
BRF:0
BRH:0
end_of_record
